Terminals unused in grammar

   OHARRA
   BUK_MARKA


Gramática

    0 $accept: sarrera $end

    1 sarrera: ereduak testua

    2 osagai_kop: OSAGAI_KOP ZIFRA

    3 ereduak: ereduak eredua
    4        | eredua

    5 hasiera: hat_lema HAT_INFO segurua osagai_kop

    6 eredua: hasiera terminoak

    7 hat_lema: HAT_LEMA

    8 terminoak: terminoak erlazioa terminoa
    9          | terminoa

   10 terminoa: zer hitzak erroa term

   11 term: PAR_IREKI LEMAA informazioa PAR_ITXI
   12     | /* vacío */

   13 informazioa: INFORMAZIOA
   14            | /* vacío */

   15 hitzak: hitzak PIPE HITZA ETIK_HAUL
   16       | HITZA ETIK_HAUL
   17       | hitzak PIPE HITZA
   18       | HITZA

   19 zer: FORMA_DA
   20    | LEMA_DA

   21 segurua: BAI
   22        | EZ

   23 erroa: ERROA
   24      | /* vacío */

   25 erlazioa: ETENA
   26         | EZORD
   27         | /* vacío */

   28 testua: esaldiak

   29 esaldiak: esaldiak esaldia
   30         | esaldia

   31 esaldia: hitza esaldia
   32        | puntuazioa

   33 hitza: HITZ_FORMA etiketa analisiak
   34      | HITZ_FORMA etiketa

   35 etiketa: ETIK
   36        | /* vacío */

   37 puntuazioa: HITZ_FORMA ETIK_PUNT
   38           | AMAITU

   39 analisiak: analisiak analisia
   40          | analisia

   41 analisia: PAR_IREKI LEMAA ALDAERA INFORMAZIOA PAR_ITXI
   42         | PAR_IREKI LEMAA INFORMAZIOA PAR_ITXI
   43         | CORRECT PAR_IREKI LEMAA ALDAERA INFORMAZIOA PAR_ITXI
   44         | CORRECT PAR_IREKI LEMAA INFORMAZIOA PAR_ITXI


Terminales con las reglas donde aparecen

$end (0) 0
error (256)
INFORMAZIOA (258) 13 41 42 43 44
LEMAA (259) 11 41 42 43 44
HAT_INFO (260) 5
HITZA (261) 15 16 17 18
OHARRA (262)
HAT_LEMA (263) 7
HITZ_FORMA (264) 33 34 37
ETIK (265) 35
ETIK_PUNT (266) 37
ALDAERA (267) 41 43
ETIK_HAUL (268) 15 16
ZIFRA (269) 2
PAR_IREKI (270) 11 41 42 43 44
PAR_ITXI (271) 11 41 42 43 44
ERROA (272) 23
ETENA (273) 25
EZORD (274) 26
BUK_MARKA (275)
BAI (276) 21
EZ (277) 22
PIPE (278) 15 17
OSAGAI_KOP (279) 2
FORMA_DA (280) 19
LEMA_DA (281) 20
CORRECT (282) 43 44
AMAITU (283) 38


No terminales con las reglas donde aparecen

$accept (29)
    en la izquierda: 0
sarrera (30)
    en la izquierda: 1, en la derecha: 0
osagai_kop (31)
    en la izquierda: 2, en la derecha: 5
ereduak (32)
    en la izquierda: 3 4, en la derecha: 1 3
hasiera (33)
    en la izquierda: 5, en la derecha: 6
eredua (34)
    en la izquierda: 6, en la derecha: 3 4
hat_lema (35)
    en la izquierda: 7, en la derecha: 5
terminoak (36)
    en la izquierda: 8 9, en la derecha: 6 8
terminoa (37)
    en la izquierda: 10, en la derecha: 8 9
term (38)
    en la izquierda: 11 12, en la derecha: 10
informazioa (39)
    en la izquierda: 13 14, en la derecha: 11
hitzak (40)
    en la izquierda: 15 16 17 18, en la derecha: 10 15 17
zer (41)
    en la izquierda: 19 20, en la derecha: 10
segurua (42)
    en la izquierda: 21 22, en la derecha: 5
erroa (43)
    en la izquierda: 23 24, en la derecha: 10
erlazioa (44)
    en la izquierda: 25 26 27, en la derecha: 8
testua (45)
    en la izquierda: 28, en la derecha: 1
esaldiak (46)
    en la izquierda: 29 30, en la derecha: 28 29
esaldia (47)
    en la izquierda: 31 32, en la derecha: 29 30 31
hitza (48)
    en la izquierda: 33 34, en la derecha: 31
etiketa (49)
    en la izquierda: 35 36, en la derecha: 33 34
puntuazioa (50)
    en la izquierda: 37 38, en la derecha: 32
analisiak (51)
    en la izquierda: 39 40, en la derecha: 33 39
analisia (52)
    en la izquierda: 41 42 43 44, en la derecha: 39 40


estado 0

    0 $accept: . sarrera $end

    HAT_LEMA  desplazar e ir al estado 1

    sarrera   ir al estado 2
    ereduak   ir al estado 3
    hasiera   ir al estado 4
    eredua    ir al estado 5
    hat_lema  ir al estado 6


estado 1

    7 hat_lema: HAT_LEMA .

    $default  reduce usando la regla 7 (hat_lema)


estado 2

    0 $accept: sarrera . $end

    $end  desplazar e ir al estado 7


estado 3

    1 sarrera: ereduak . testua
    3 ereduak: ereduak . eredua

    HAT_LEMA    desplazar e ir al estado 1
    HITZ_FORMA  desplazar e ir al estado 8
    AMAITU      desplazar e ir al estado 9

    hasiera     ir al estado 4
    eredua      ir al estado 10
    hat_lema    ir al estado 6
    testua      ir al estado 11
    esaldiak    ir al estado 12
    esaldia     ir al estado 13
    hitza       ir al estado 14
    puntuazioa  ir al estado 15


estado 4

    6 eredua: hasiera . terminoak

    FORMA_DA  desplazar e ir al estado 16
    LEMA_DA   desplazar e ir al estado 17

    terminoak  ir al estado 18
    terminoa   ir al estado 19
    zer        ir al estado 20


estado 5

    4 ereduak: eredua .

    $default  reduce usando la regla 4 (ereduak)


estado 6

    5 hasiera: hat_lema . HAT_INFO segurua osagai_kop

    HAT_INFO  desplazar e ir al estado 21


estado 7

    0 $accept: sarrera $end .

    $default  aceptar


estado 8

   33 hitza: HITZ_FORMA . etiketa analisiak
   34      | HITZ_FORMA . etiketa
   37 puntuazioa: HITZ_FORMA . ETIK_PUNT

    ETIK       desplazar e ir al estado 22
    ETIK_PUNT  desplazar e ir al estado 23

    $default  reduce usando la regla 36 (etiketa)

    etiketa  ir al estado 24


estado 9

   38 puntuazioa: AMAITU .

    $default  reduce usando la regla 38 (puntuazioa)


estado 10

    3 ereduak: ereduak eredua .

    $default  reduce usando la regla 3 (ereduak)


estado 11

    1 sarrera: ereduak testua .

    $default  reduce usando la regla 1 (sarrera)


estado 12

   28 testua: esaldiak .
   29 esaldiak: esaldiak . esaldia

    HITZ_FORMA  desplazar e ir al estado 8
    AMAITU      desplazar e ir al estado 9

    $default  reduce usando la regla 28 (testua)

    esaldia     ir al estado 25
    hitza       ir al estado 14
    puntuazioa  ir al estado 15


estado 13

   30 esaldiak: esaldia .

    $default  reduce usando la regla 30 (esaldiak)


estado 14

   31 esaldia: hitza . esaldia

    HITZ_FORMA  desplazar e ir al estado 8
    AMAITU      desplazar e ir al estado 9

    esaldia     ir al estado 26
    hitza       ir al estado 14
    puntuazioa  ir al estado 15


estado 15

   32 esaldia: puntuazioa .

    $default  reduce usando la regla 32 (esaldia)


estado 16

   19 zer: FORMA_DA .

    $default  reduce usando la regla 19 (zer)


estado 17

   20 zer: LEMA_DA .

    $default  reduce usando la regla 20 (zer)


estado 18

    6 eredua: hasiera terminoak .
    8 terminoak: terminoak . erlazioa terminoa

    ETENA  desplazar e ir al estado 27
    EZORD  desplazar e ir al estado 28

    FORMA_DA  reduce usando la regla 27 (erlazioa)
    LEMA_DA   reduce usando la regla 27 (erlazioa)
    $default  reduce usando la regla 6 (eredua)

    erlazioa  ir al estado 29


estado 19

    9 terminoak: terminoa .

    $default  reduce usando la regla 9 (terminoak)


estado 20

   10 terminoa: zer . hitzak erroa term

    HITZA  desplazar e ir al estado 30

    hitzak  ir al estado 31


estado 21

    5 hasiera: hat_lema HAT_INFO . segurua osagai_kop

    BAI  desplazar e ir al estado 32
    EZ   desplazar e ir al estado 33

    segurua  ir al estado 34


estado 22

   35 etiketa: ETIK .

    $default  reduce usando la regla 35 (etiketa)


estado 23

   37 puntuazioa: HITZ_FORMA ETIK_PUNT .

    $default  reduce usando la regla 37 (puntuazioa)


estado 24

   33 hitza: HITZ_FORMA etiketa . analisiak
   34      | HITZ_FORMA etiketa .

    PAR_IREKI  desplazar e ir al estado 35
    CORRECT    desplazar e ir al estado 36

    $default  reduce usando la regla 34 (hitza)

    analisiak  ir al estado 37
    analisia   ir al estado 38


estado 25

   29 esaldiak: esaldiak esaldia .

    $default  reduce usando la regla 29 (esaldiak)


estado 26

   31 esaldia: hitza esaldia .

    $default  reduce usando la regla 31 (esaldia)


estado 27

   25 erlazioa: ETENA .

    $default  reduce usando la regla 25 (erlazioa)


estado 28

   26 erlazioa: EZORD .

    $default  reduce usando la regla 26 (erlazioa)


estado 29

    8 terminoak: terminoak erlazioa . terminoa

    FORMA_DA  desplazar e ir al estado 16
    LEMA_DA   desplazar e ir al estado 17

    terminoa  ir al estado 39
    zer       ir al estado 20


estado 30

   16 hitzak: HITZA . ETIK_HAUL
   18       | HITZA .

    ETIK_HAUL  desplazar e ir al estado 40

    $default  reduce usando la regla 18 (hitzak)


estado 31

   10 terminoa: zer hitzak . erroa term
   15 hitzak: hitzak . PIPE HITZA ETIK_HAUL
   17       | hitzak . PIPE HITZA

    ERROA  desplazar e ir al estado 41
    PIPE   desplazar e ir al estado 42

    $default  reduce usando la regla 24 (erroa)

    erroa  ir al estado 43


estado 32

   21 segurua: BAI .

    $default  reduce usando la regla 21 (segurua)


estado 33

   22 segurua: EZ .

    $default  reduce usando la regla 22 (segurua)


estado 34

    5 hasiera: hat_lema HAT_INFO segurua . osagai_kop

    OSAGAI_KOP  desplazar e ir al estado 44

    osagai_kop  ir al estado 45


estado 35

   41 analisia: PAR_IREKI . LEMAA ALDAERA INFORMAZIOA PAR_ITXI
   42         | PAR_IREKI . LEMAA INFORMAZIOA PAR_ITXI

    LEMAA  desplazar e ir al estado 46


estado 36

   43 analisia: CORRECT . PAR_IREKI LEMAA ALDAERA INFORMAZIOA PAR_ITXI
   44         | CORRECT . PAR_IREKI LEMAA INFORMAZIOA PAR_ITXI

    PAR_IREKI  desplazar e ir al estado 47


estado 37

   33 hitza: HITZ_FORMA etiketa analisiak .
   39 analisiak: analisiak . analisia

    PAR_IREKI  desplazar e ir al estado 35
    CORRECT    desplazar e ir al estado 36

    $default  reduce usando la regla 33 (hitza)

    analisia  ir al estado 48


estado 38

   40 analisiak: analisia .

    $default  reduce usando la regla 40 (analisiak)


estado 39

    8 terminoak: terminoak erlazioa terminoa .

    $default  reduce usando la regla 8 (terminoak)


estado 40

   16 hitzak: HITZA ETIK_HAUL .

    $default  reduce usando la regla 16 (hitzak)


estado 41

   23 erroa: ERROA .

    $default  reduce usando la regla 23 (erroa)


estado 42

   15 hitzak: hitzak PIPE . HITZA ETIK_HAUL
   17       | hitzak PIPE . HITZA

    HITZA  desplazar e ir al estado 49


estado 43

   10 terminoa: zer hitzak erroa . term

    PAR_IREKI  desplazar e ir al estado 50

    $default  reduce usando la regla 12 (term)

    term  ir al estado 51


estado 44

    2 osagai_kop: OSAGAI_KOP . ZIFRA

    ZIFRA  desplazar e ir al estado 52


estado 45

    5 hasiera: hat_lema HAT_INFO segurua osagai_kop .

    $default  reduce usando la regla 5 (hasiera)


estado 46

   41 analisia: PAR_IREKI LEMAA . ALDAERA INFORMAZIOA PAR_ITXI
   42         | PAR_IREKI LEMAA . INFORMAZIOA PAR_ITXI

    INFORMAZIOA  desplazar e ir al estado 53
    ALDAERA      desplazar e ir al estado 54


estado 47

   43 analisia: CORRECT PAR_IREKI . LEMAA ALDAERA INFORMAZIOA PAR_ITXI
   44         | CORRECT PAR_IREKI . LEMAA INFORMAZIOA PAR_ITXI

    LEMAA  desplazar e ir al estado 55


estado 48

   39 analisiak: analisiak analisia .

    $default  reduce usando la regla 39 (analisiak)


estado 49

   15 hitzak: hitzak PIPE HITZA . ETIK_HAUL
   17       | hitzak PIPE HITZA .

    ETIK_HAUL  desplazar e ir al estado 56

    $default  reduce usando la regla 17 (hitzak)


estado 50

   11 term: PAR_IREKI . LEMAA informazioa PAR_ITXI

    LEMAA  desplazar e ir al estado 57


estado 51

   10 terminoa: zer hitzak erroa term .

    $default  reduce usando la regla 10 (terminoa)


estado 52

    2 osagai_kop: OSAGAI_KOP ZIFRA .

    $default  reduce usando la regla 2 (osagai_kop)


estado 53

   42 analisia: PAR_IREKI LEMAA INFORMAZIOA . PAR_ITXI

    PAR_ITXI  desplazar e ir al estado 58


estado 54

   41 analisia: PAR_IREKI LEMAA ALDAERA . INFORMAZIOA PAR_ITXI

    INFORMAZIOA  desplazar e ir al estado 59


estado 55

   43 analisia: CORRECT PAR_IREKI LEMAA . ALDAERA INFORMAZIOA PAR_ITXI
   44         | CORRECT PAR_IREKI LEMAA . INFORMAZIOA PAR_ITXI

    INFORMAZIOA  desplazar e ir al estado 60
    ALDAERA      desplazar e ir al estado 61


estado 56

   15 hitzak: hitzak PIPE HITZA ETIK_HAUL .

    $default  reduce usando la regla 15 (hitzak)


estado 57

   11 term: PAR_IREKI LEMAA . informazioa PAR_ITXI

    INFORMAZIOA  desplazar e ir al estado 62

    $default  reduce usando la regla 14 (informazioa)

    informazioa  ir al estado 63


estado 58

   42 analisia: PAR_IREKI LEMAA INFORMAZIOA PAR_ITXI .

    $default  reduce usando la regla 42 (analisia)


estado 59

   41 analisia: PAR_IREKI LEMAA ALDAERA INFORMAZIOA . PAR_ITXI

    PAR_ITXI  desplazar e ir al estado 64


estado 60

   44 analisia: CORRECT PAR_IREKI LEMAA INFORMAZIOA . PAR_ITXI

    PAR_ITXI  desplazar e ir al estado 65


estado 61

   43 analisia: CORRECT PAR_IREKI LEMAA ALDAERA . INFORMAZIOA PAR_ITXI

    INFORMAZIOA  desplazar e ir al estado 66


estado 62

   13 informazioa: INFORMAZIOA .

    $default  reduce usando la regla 13 (informazioa)


estado 63

   11 term: PAR_IREKI LEMAA informazioa . PAR_ITXI

    PAR_ITXI  desplazar e ir al estado 67


estado 64

   41 analisia: PAR_IREKI LEMAA ALDAERA INFORMAZIOA PAR_ITXI .

    $default  reduce usando la regla 41 (analisia)


estado 65

   44 analisia: CORRECT PAR_IREKI LEMAA INFORMAZIOA PAR_ITXI .

    $default  reduce usando la regla 44 (analisia)


estado 66

   43 analisia: CORRECT PAR_IREKI LEMAA ALDAERA INFORMAZIOA . PAR_ITXI

    PAR_ITXI  desplazar e ir al estado 68


estado 67

   11 term: PAR_IREKI LEMAA informazioa PAR_ITXI .

    $default  reduce usando la regla 11 (term)


estado 68

   43 analisia: CORRECT PAR_IREKI LEMAA ALDAERA INFORMAZIOA PAR_ITXI .

    $default  reduce usando la regla 43 (analisia)
